
> Configure project :app
WARNING: API 'splits.density' is obsolete.
It will be removed in version 10.0 of the Android Gradle plugin.
Density-based apk split feature is deprecated and will be removed in AGP 10.0. Use Android App Bundle (https://developer.android.com/guide/app-bundle) to generate optimized APKs.
For more information, see https://developer.android.com/studio/build/configure-apk-splits#configure-density-split.

To determine what is calling splits.density, use -Pandroid.debug.obsoleteApi=true on the command line to display more information.

> Task :app:preBuild UP-TO-DATE
> Task :app:preDebugBuild UP-TO-DATE
> Task :app:checkKotlinGradlePluginConfigurationErrors SKIPPED
> Task :app:generateDebugBuildConfig UP-TO-DATE
> Task :app:checkDebugAarMetadata UP-TO-DATE
> Task :app:processDebugNavigationResources UP-TO-DATE
> Task :app:compileDebugNavigationResources UP-TO-DATE
> Task :app:generateDebugResValues UP-TO-DATE
> Task :app:processDebugGoogleServices UP-TO-DATE
> Task :app:mapDebugSourceSetPaths UP-TO-DATE
> Task :app:generateDebugResources UP-TO-DATE
> Task :app:mergeDebugResources UP-TO-DATE
> Task :app:packageDebugResources UP-TO-DATE
> Task :app:parseDebugLocalResources UP-TO-DATE
> Task :app:createDebugCompatibleScreenManifests UP-TO-DATE
> Task :app:extractDeepLinksDebug UP-TO-DATE
> Task :app:processDebugMainManifest UP-TO-DATE
> Task :app:processDebugManifest UP-TO-DATE
> Task :app:processDebugManifestForPackage UP-TO-DATE
> Task :app:processDebugResources UP-TO-DATE
> Task :app:kaptGenerateStubsDebugKotlin UP-TO-DATE
> Task :app:kaptDebugKotlin UP-TO-DATE
> Task :app:compileDebugKotlin UP-TO-DATE
> Task :app:javaPreCompileDebug UP-TO-DATE
> Task :app:compileDebugJavaWithJavac UP-TO-DATE
> Task :app:hiltAggregateDepsDebug UP-TO-DATE
> Task :app:hiltJavaCompileDebug UP-TO-DATE
> Task :app:transformDebugClassesWithAsm UP-TO-DATE
> Task :app:bundleDebugClassesToRuntimeJar UP-TO-DATE
> Task :app:preDebugUnitTestBuild UP-TO-DATE
> Task :app:processDebugJavaRes UP-TO-DATE
> Task :app:bundleDebugClassesToCompileJar UP-TO-DATE
> Task :app:kaptGenerateStubsDebugUnitTestKotlin UP-TO-DATE
> Task :app:kaptDebugUnitTestKotlin UP-TO-DATE
> Task :app:compileDebugUnitTestKotlin UP-TO-DATE
> Task :app:javaPreCompileDebugUnitTest UP-TO-DATE
> Task :app:compileDebugUnitTestJavaWithJavac NO-SOURCE
> Task :app:hiltAggregateDepsDebugUnitTest UP-TO-DATE
> Task :app:hiltJavaCompileDebugUnitTest NO-SOURCE
> Task :app:processDebugUnitTestJavaRes UP-TO-DATE
> Task :app:transformDebugUnitTestClassesWithAsm UP-TO-DATE
./gradlew : OpenJDK 64-Bit Server VM warning: Sharing is only supported for boot loader classes because bootstrap classpath has been appended
At line:1 char:1
+ ./gradlew testDebugUnitTest 2>&1 | Out-File -Encoding ascii test_outp ...
+ ~~~~~~~~~~~~~~~~~~~~~~~~~~~~~~~~
    + CategoryInfo              : NotSpecified: (OpenJ    DK 64-Bit ...s been app    ended:String) [], Remot    eException
    + FullyQualifiedErrorId     : NativeCommandError
 

> Task :app:testDebugUnitTest

LoanSubmissionManagerImplTest > retrySubmission should update status and schedule worker FAILED
    java.lang.AssertionError at LoanSubmissionManagerImplTest.kt:103

LoanSubmissionManagerImplTest > triggerPendingSubmissions should reset failed submissions FAILED
    java.lang.IllegalStateException at LoanSubmissionManagerImplTest.kt:140

LoanSubmissionManagerImplTest > cancelSubmission should cancel pending submission FAILED
    java.lang.IllegalStateException at LoanSubmissionManagerImplTest.kt:127

LoanSubmissionManagerImplTest > submitLoanOffline should create pending submission successfully FAILED
    java.lang.AssertionError at LoanSubmissionManagerImplTest.kt:40

DocumentRepositoryImplTest > queueDocumentUpload should queue upload with compression FAILED
    java.lang.AssertionError at DocumentRepositoryImplTest.kt:154

DocumentRepositoryImplTest > uploadDocument success should return upload result FAILED
    java.lang.AssertionError at DocumentRepositoryImplTest.kt:93

DocumentRepositoryImplTest > queueDocumentUpload success should return queue id FAILED
    java.lang.AssertionError at DocumentRepositoryImplTest.kt:121

LoanDraftRepositoryImplTest > updateBasicInfo should call dao with correct parameters FAILED
    java.lang.AssertionError at LoanDraftRepositoryImplTest.kt:110

LoanRepositoryImplTest > getMyLoans should emit loading, then cached data, then remote data FAILED
    app.cash.turbine.TurbineAssertionError at LoanRepositoryImplTest.kt:37
        Caused by: io.mockk.MockKException at LoanRepositoryImplTest.kt:37

GetLoanDraftByIdUseCaseTest > invoke should return draft when found FAILED
    java.lang.AssertionError at GetLoanDraftByIdUseCaseTest.kt:30

HomeViewModelTest > fetchLoans should update uiState with success FAILED
    java.util.NoSuchElementException at HomeViewModelTest.kt:90

HomeViewModelTest > fetchLoans should update uiState with error FAILED
    java.util.NoSuchElementException at HomeViewModelTest.kt:129

HomeViewModelTest > initial state should have default values FAILED
    java.util.NoSuchElementException at HomeViewModelTest.kt:73

LoanSubmissionWorkerTest > doWork should return failure when no loanId provided FAILED
    java.lang.RuntimeException at LoanSubmissionWorkerTest.kt:64

LoanSubmissionWorkerTest > doWork should create loan and submit successfully FAILED
    java.lang.RuntimeException at LoanSubmissionWorkerTest.kt:83

176 tests completed, 15 failed

> Task :app:testDebugUnitTest FAILED

FAILURE: Build failed with an exception.

* What went wrong:
Execution failed for task ':app:testDebugUnitTest'.
> There were failing tests. See the report at: file:///C:/Users/ACER%20NITRO%20V15/Project/Bootcamp/lofi/app/build/reports/tests/testDebugUnitTest/index.html

* Try:
> Run with --scan to get full insights.

BUILD FAILED in 11s
36 actionable tasks: 1 executed, 35 up-to-date
